2019-06-21 11:39:12.729 [main] INFO  me.cchao.insomnia.api.service.MQueueHandlerTest - Starting MQueueHandlerTest on cchao.local with PID 47034 (started by cchao in /Users/cchao/github/coding/insomnia-server/insomnia_api)
2019-06-21 11:39:12.773 [main] INFO  me.cchao.insomnia.api.service.MQueueHandlerTest - No active profile set, falling back to default profiles: default
2019-06-21 11:39:15.258 [main] INFO  o.s.d.r.config.RepositoryConfigurationDelegate - Multiple Spring Data modules found, entering strict repository configuration mode!
2019-06-21 11:39:15.262 [main] INFO  o.s.d.r.config.RepositoryConfigurationDelegate - Bootstrapping Spring Data repositories in DEFAULT mode.
2019-06-21 11:39:15.579 [main] INFO  o.s.d.r.config.RepositoryConfigurationDelegate - Finished Spring Data repository scanning in 305ms. Found 9 repository interfaces.
2019-06-21 11:39:15.597 [main] INFO  o.s.d.r.config.RepositoryConfigurationDelegate - Multiple Spring Data modules found, entering strict repository configuration mode!
2019-06-21 11:39:15.599 [main] INFO  o.s.d.r.config.RepositoryConfigurationDelegate - Bootstrapping Spring Data repositories in DEFAULT mode.
2019-06-21 11:39:15.726 [main] INFO  o.s.d.r.c.RepositoryConfigurationExtensionSupport - Spring Data Redis - Could not safely identify store assignment for repository candidate interface me.cchao.insomnia.api.repository.CommentRepository.
2019-06-21 11:39:15.727 [main] INFO  o.s.d.r.c.RepositoryConfigurationExtensionSupport - Spring Data Redis - Could not safely identify store assignment for repository candidate interface me.cchao.insomnia.api.repository.FallBannerRepository.
2019-06-21 11:39:15.728 [main] INFO  o.s.d.r.c.RepositoryConfigurationExtensionSupport - Spring Data Redis - Could not safely identify store assignment for repository candidate interface me.cchao.insomnia.api.repository.FallImageRepository.
2019-06-21 11:39:15.729 [main] INFO  o.s.d.r.c.RepositoryConfigurationExtensionSupport - Spring Data Redis - Could not safely identify store assignment for repository candidate interface me.cchao.insomnia.api.repository.FallMusicRepository.
2019-06-21 11:39:15.729 [main] INFO  o.s.d.r.c.RepositoryConfigurationExtensionSupport - Spring Data Redis - Could not safely identify store assignment for repository candidate interface me.cchao.insomnia.api.repository.FeedBackRepository.
2019-06-21 11:39:15.730 [main] INFO  o.s.d.r.c.RepositoryConfigurationExtensionSupport - Spring Data Redis - Could not safely identify store assignment for repository candidate interface me.cchao.insomnia.api.repository.PostRepository.
2019-06-21 11:39:15.731 [main] INFO  o.s.d.r.c.RepositoryConfigurationExtensionSupport - Spring Data Redis - Could not safely identify store assignment for repository candidate interface me.cchao.insomnia.api.repository.ReplyRepository.
2019-06-21 11:39:15.732 [main] INFO  o.s.d.r.c.RepositoryConfigurationExtensionSupport - Spring Data Redis - Could not safely identify store assignment for repository candidate interface me.cchao.insomnia.api.repository.UserRepository.
2019-06-21 11:39:15.733 [main] INFO  o.s.d.r.c.RepositoryConfigurationExtensionSupport - Spring Data Redis - Could not safely identify store assignment for repository candidate interface me.cchao.insomnia.api.repository.WishRepository.
2019-06-21 11:39:15.733 [main] INFO  o.s.d.r.config.RepositoryConfigurationDelegate - Finished Spring Data repository scanning in 118ms. Found 0 repository interfaces.
2019-06-21 11:39:16.898 [main] INFO  o.s.c.s.PostProcessorRegistrationDelegate$BeanPostProcessorChecker - Bean 'shiroConfig' of type [me.cchao.insomnia.api.security.ShiroConfig$$EnhancerBySpringCGLIB$$750f2ead] is not eligible for getting processed by all BeanPostProcessors (for example: not eligible for auto-proxying)
2019-06-21 11:39:17.097 [main] INFO  o.s.c.s.PostProcessorRegistrationDelegate$BeanPostProcessorChecker - Bean 'myRealm' of type [me.cchao.insomnia.api.security.MyRealm] is not eligible for getting processed by all BeanPostProcessors (for example: not eligible for auto-proxying)
2019-06-21 11:39:17.447 [main] INFO  o.s.c.s.PostProcessorRegistrationDelegate$BeanPostProcessorChecker - Bean 'securityManager' of type [org.apache.shiro.web.mgt.DefaultWebSecurityManager] is not eligible for getting processed by all BeanPostProcessors (for example: not eligible for auto-proxying)
2019-06-21 11:39:17.499 [main] INFO  o.s.c.s.PostProcessorRegistrationDelegate$BeanPostProcessorChecker - Bean 'org.springframework.amqp.rabbit.annotation.RabbitBootstrapConfiguration' of type [org.springframework.amqp.rabbit.annotation.RabbitBootstrapConfiguration$$EnhancerBySpringCGLIB$$e1689757] is not eligible for getting processed by all BeanPostProcessors (for example: not eligible for auto-proxying)
2019-06-21 11:39:17.570 [main] INFO  o.s.c.s.PostProcessorRegistrationDelegate$BeanPostProcessorChecker - Bean 'authorizationAttributeSourceAdvisor' of type [org.apache.shiro.spring.security.interceptor.AuthorizationAttributeSourceAdvisor] is not eligible for getting processed by all BeanPostProcessors (for example: not eligible for auto-proxying)
2019-06-21 11:39:17.631 [main] INFO  o.s.c.s.PostProcessorRegistrationDelegate$BeanPostProcessorChecker - Bean 'org.springframework.transaction.annotation.ProxyTransactionManagementConfiguration' of type [org.springframework.transaction.annotation.ProxyTransactionManagementConfiguration$$EnhancerBySpringCGLIB$$1afcd929] is not eligible for getting processed by all BeanPostProcessors (for example: not eligible for auto-proxying)
2019-06-21 11:39:18.575 [main] INFO  c.a.d.s.b.a.DruidDataSourceAutoConfigure - Init DruidDataSource
2019-06-21 11:39:19.133 [main] INFO  com.alibaba.druid.pool.DruidDataSource - {dataSource-1} inited
2019-06-21 11:39:19.991 [main] INFO  org.hibernate.jpa.internal.util.LogHelper - HHH000204: Processing PersistenceUnitInfo [
	name: default
	...]
2019-06-21 11:39:20.108 [main] INFO  org.hibernate.Version - HHH000412: Hibernate Core {5.3.7.Final}
2019-06-21 11:39:20.111 [main] INFO  org.hibernate.cfg.Environment - HHH000206: hibernate.properties not found
2019-06-21 11:39:20.499 [main] INFO  org.hibernate.annotations.common.Version - HCANN000001: Hibernate Commons Annotations {5.0.4.Final}
2019-06-21 11:39:20.974 [main] INFO  org.hibernate.dialect.Dialect - HHH000400: Using dialect: org.hibernate.dialect.MySQL5Dialect
2019-06-21 11:39:22.940 [main] INFO  o.s.orm.jpa.LocalContainerEntityManagerFactoryBean - Initialized JPA EntityManagerFactory for persistence unit 'default'
2019-06-21 11:39:23.389 [main] INFO  o.s.b.f.a.AutowiredAnnotationBeanPostProcessor - Autowired annotation is not supported on static fields: public static final java.lang.String me.cchao.insomnia.api.config.GlobalConfig.sourceServerPath
2019-06-21 11:39:23.389 [main] INFO  o.s.b.f.a.AutowiredAnnotationBeanPostProcessor - Autowired annotation is not supported on static fields: public static final java.lang.String me.cchao.insomnia.api.config.GlobalConfig.defaultAvatarPath
2019-06-21 11:39:26.856 [main] INFO  o.s.b.actuate.endpoint.web.EndpointLinksResolver - Exposing 2 endpoint(s) beneath base path '/actuator'
2019-06-21 11:39:27.374 [main] INFO  s.d.s.w.PropertySourcedRequestMappingHandlerMapping - Mapped URL path [/v2/api-docs] onto method [public org.springframework.http.ResponseEntity<springfox.documentation.spring.web.json.Json> springfox.documentation.swagger2.web.Swagger2Controller.getDocumentation(java.lang.String,javax.servlet.http.HttpServletRequest)]
2019-06-21 11:39:28.239 [main] INFO  o.s.scheduling.concurrent.ThreadPoolTaskExecutor - Initializing ExecutorService 'applicationTaskExecutor'
2019-06-21 11:39:28.715 [main] INFO  o.s.b.a.web.servlet.WelcomePageHandlerMapping - Adding welcome page template: index
2019-06-21 11:39:30.047 [main] INFO  s.d.s.web.plugins.DocumentationPluginsBootstrapper - Context refreshed
2019-06-21 11:39:30.080 [main] INFO  s.d.s.web.plugins.DocumentationPluginsBootstrapper - Found 1 custom documentation plugin(s)
2019-06-21 11:39:30.132 [main] INFO  s.d.spring.web.scanners.ApiListingReferenceScanner - Scanning for api listing references
2019-06-21 11:39:30.173 [main] INFO  me.cchao.insomnia.api.service.MQueueHandlerTest - Started MQueueHandlerTest in 18.437 seconds (JVM running for 20.022)
2019-06-21 11:39:30.365 [Thread-5] INFO  o.s.scheduling.concurrent.ThreadPoolTaskExecutor - Shutting down ExecutorService 'applicationTaskExecutor'
2019-06-21 11:39:30.381 [Thread-5] INFO  o.s.orm.jpa.LocalContainerEntityManagerFactoryBean - Closing JPA EntityManagerFactory for persistence unit 'default'
2019-06-21 11:39:30.388 [Thread-5] INFO  com.alibaba.druid.pool.DruidDataSource - {dataSource-1} closed
